<?xml version="1.0" encoding="UTF-8"?>
<!-- Generated by org.testng.reporters.JUnitReportReporter -->
<testsuite name="com.assignment1.testCases.CustomerFileterTest" tests="1" time="2.384" ignored="0" failures="0" timestamp="06 May 2018 13:26:50 GMT" skipped="0" hostname="sairam-PC" errors="0">
  <testcase name="filterCustomers" time="2.384" classname="com.assignment1.testCases.CustomerFileterTest"/>
</testsuite> <!-- com.assignment1.testCases.CustomerFileterTest -->
